<?xml version="1.0" encoding="UTF-8"?>
<testsuite xmlns:xsi="http://www.w3.org/2001/XMLSchema-instance" xsi:noNamespaceSchemaLocation="https://maven.apache.org/surefire/maven-surefire-plugin/xsd/surefire-test-report.xsd" name="test.TestSpring" time="1.317" tests="1" errors="1" skipped="0" failures="0">
  <properties>
[...]
</properties>
  <testcase name="run1" classname="test.TestSpring" time="1.286">
    <error message="No bean named &apos;accountService&apos; available" type="org.springframework.beans.factory.NoSuchBeanDefinitionException">org.springframework.beans.factory.NoSuchBeanDefinitionException: No bean named 'accountService' available
	at test.TestSpring.run1(TestSpring.java:14)
</error>
    <system-out><![CDATA[2019-12-28 11:58:07,726 0      [           main] INFO  ClassPathXmlApplicationContext  - Refreshing org.springframework.context.support.ClassPathXmlApplicationContext@5e5792a0: startup date [Sat Dec 28 11:58:07 CST 2019]; root of context hierarchy
2019-12-28 11:58:07,767 41     [           main] INFO  ry.xml.XmlBeanDefinitionReader  - Loading XML bean definitions from class path resource [applicationContext.xml]
2019-12-28 11:58:08,232 506    [           main] INFO         com.mchange.v2.log.MLog  - MLog clients using log4j logging.
2019-12-28 11:58:08,545 819    [           main] INFO  m.mchange.v2.c3p0.C3P0Registry  - Initializing c3p0-0.9.1.2 [built 21-May-2007 15:04:56; debug? true; trace: 10]
]]></system-out>
  </testcase>
</testsuite>